/home/smdupor
c17
Tue Sep 28 12:24:30 EDT 2021
Running 13GB large dataset on 16 CPU cores
initializing graphs...
initializing graphs...
loading array...
loading array...
Copying graphs...
Copying graphs...
<1><2><2>
Done. Sorting. Edges: 925988138 Vertices: 28943748
-----------------------------------------------------
<1><2><2>
Done. Sorting. Edges: 925988138 Vertices: 28943748
-----------------------------------------------------
Serial Count Sort (Seconds) :	 27.656404
-----------------------------------------------------
Serial Count Sort (Seconds) :	 28.880915
-----------------------------------------------------
3SB
4SB
2SB
LSB
Slave process, exit.InitCountCrushXformMPImsgSort: 19859.000000, 23434.000000, 23434.000000, 23434.000000, 23434.000000, 24338.000000 
Total Sim Time:  :	 1556.523944
-----------------------------------------------------
Radix Sorting Hybrid (Seconds) :	 55.583318
-----------------------------------------------------
InitCountCrushXformMPImsgSort: 19870.000000, 23210.000000, 23210.000000, 23210.000000, 23434.000000, 55584.000000 
VALIDATION PASS
Total Sim Time:  :	 1589.405694
-----------------------------------------------------
Tue Sep 28 12:51:00 EDT 2021
