/home/smdupor
c13
Wed Sep 29 22:09:53 EDT 2021
Running 13GB large dataset on 16 CPU cores
initializing graphs...
initializing graphs...
loading array...
loading array...
Copying graphs...
Copying graphs...
<1><2><2>
Done. Sorting. Edges: 925988138 Vertices: 28943748
-----------------------------------------------------
<1><2><2>
Done. Sorting. Edges: 925988138 Vertices: 28943748
-----------------------------------------------------
Serial Count Sort (Seconds) :	 54.170563
-----------------------------------------------------
Serial Count Sort (Seconds) :	 54.334899
-----------------------------------------------------
2SB
4SB
3SB
LSB
Slave process, exit.InitCountCrushXformMPImsgSort: 19649.000000, 23175.000000, 23175.000000, 23175.000000, 23175.000000, 24109.000000 
Total Sim Time:  :	 1602.062180
-----------------------------------------------------
Radix Sorting Hybrid (Seconds) :	 97.700573
-----------------------------------------------------
InitCountCrushXformMPImsgSort: 19642.000000, 23045.000000, 23045.000000, 23045.000000, 23175.000000, 97701.000000 
VALIDATION PASS
Total Sim Time:  :	 1677.733425
-----------------------------------------------------
Wed Sep 29 22:37:51 EDT 2021
