/home/smdupor
c0
Tue Sep 28 12:24:40 EDT 2021
Running 16b8 large dataset on 16 CPU cores
initializing graphs...
initializing graphs...
loading array...
loading array...
Copying graphs...
<1><2><2>
Done. Sorting. Edges: 65535 Vertices: 1241504644
-----------------------------------------------------
Copying graphs...
<1><2><2>
Done. Sorting. Edges: 65535 Vertices: 1241504644
-----------------------------------------------------
Serial Count Sort (Seconds) :	 2.163738
-----------------------------------------------------
Serial Count Sort (Seconds) :	 2.161891
-----------------------------------------------------
LSB
Slave process, exit.InitCountCrushXformMPImsgSort: 52.000000, 195.000000, 195.000000, 195.000000, 281.000000, 281.000000 
Total Sim Time:  :	 4.589639
-----------------------------------------------------
2SB
3SB
4SB
Radix Sorting Hybrid (Seconds) :	 0.301009
-----------------------------------------------------
InitCountCrushXformMPImsgSort: 53.000000, 164.000000, 164.000000, 164.000000, 281.000000, 301.000000 
VALIDATION PASS
Total Sim Time:  :	 4.610069
-----------------------------------------------------
Tue Sep 28 12:24:46 EDT 2021
