/home/smdupor
c45
Wed Sep 29 22:02:27 EDT 2021
Running 24b8 NOPIPE Largee dataset on 16 CPU cores
initializing graphs...
initializing graphs...
loading array...
loading array...
Copying graphs...
<1><2><2>
Done. Sorting. Edges: 16777215 Vertices: 1241513877
-----------------------------------------------------
Copying graphs...
<1><2><2>
Done. Sorting. Edges: 16777215 Vertices: 1241513877
-----------------------------------------------------
Serial Count Sort (Seconds) :	 16.098870
-----------------------------------------------------
Serial Count Sort (Seconds) :	 16.923390
-----------------------------------------------------
Slave process, exit.InitCountCrushXformMPImsgSort: 771.000000, 969.000000, 969.000000, 969.000000, 974.000000, 1020.000000 
Total Sim Time:  :	 74.992578
-----------------------------------------------------
Radix Sorting Hybrid (Seconds) :	 2.284565
-----------------------------------------------------
InitCountCrushXformMPImsgSort: 773.000000, 974.000000, 974.000000, 974.000000, 974.000000, 2284.000000 
VALIDATION PASS
Total Sim Time:  :	 76.318140
-----------------------------------------------------
Wed Sep 29 22:03:44 EDT 2021
