/home/smdupor
c12
Wed Sep 29 22:56:14 EDT 2021
Running 28b8 NOPIPE parfor large dataset on 16 CPU cores
initializing graphs...
initializing graphs...
loading array...
loading array...
Copying graphs...
Copying graphs...
<1><2><2>
Done. Sorting. Edges: 268435455 Vertices: 1241513968
-----------------------------------------------------
<1><2><2>
Done. Sorting. Edges: 268435455 Vertices: 1241513968
-----------------------------------------------------
Serial Count Sort (Seconds) :	 32.705072
-----------------------------------------------------
Serial Count Sort (Seconds) :	 32.956288
-----------------------------------------------------
Slave process, exit.InitCountCrushXformMPImsgSort: 3364.000000, 4257.000000, 4257.000000, 4257.000000, 4376.000000, 4393.000000 
Total Sim Time:  :	 593.211142
-----------------------------------------------------
Radix Sorting Hybrid (Seconds) :	 10.782505
-----------------------------------------------------
InitCountCrushXformMPImsgSort: 3363.000000, 4253.000000, 4253.000000, 4253.000000, 4376.000000, 10783.000000 
Interal Graph Failures Qty: 268435290VALIDATION FAIL
Total Sim Time:  :	 600.011530
-----------------------------------------------------
Wed Sep 29 23:06:15 EDT 2021
