/home/smdupor
c8
Tue Sep 28 12:38:04 EDT 2021
Running 30b8GB large dataset on 16 CPU cores
initializing graphs...
initializing graphs...
loading array...
loading array...
Copying graphs...
Copying graphs...
<1><2><2>
Done. Sorting. Edges: 1073741822 Vertices: 184549375
-----------------------------------------------------
<1><2><2>
Done. Sorting. Edges: 1073741822 Vertices: 184549375
-----------------------------------------------------
Serial Count Sort (Seconds) :	 326.675874
-----------------------------------------------------
Serial Count Sort (Seconds) :	 336.562506
-----------------------------------------------------

===================================================================================
=   BAD TERMINATION OF ONE OF YOUR APPLICATION PROCESSES
=   PID 85247 RUNNING AT c8
=   EXIT CODE: 9
=   CLEANING UP REMAINING PROCESSES
=   YOU CAN IGNORE THE BELOW CLEANUP MESSAGES
===================================================================================
YOUR APPLICATION TERMINATED WITH THE EXIT STRING: Killed (signal 9)
This typically refers to a problem with your application.
Please see the FAQ page for debugging suggestions
Tue Sep 28 13:18:34 EDT 2021
