/home/smdupor
c2
Tue Sep 28 12:24:20 EDT 2021
Running 479m large dataset on 16 CPU cores
initializing graphs...
initializing graphs...
loading array...
loading array...
Copying graphs...
Copying graphs...
<1><2><2>
Done. Sorting. Edges: 34681189 Vertices: 4036538
-----------------------------------------------------
<1><2><2>
Done. Sorting. Edges: 34681189 Vertices: 4036538
-----------------------------------------------------
Serial Count Sort (Seconds) :	 0.303016
-----------------------------------------------------
Serial Count Sort (Seconds) :	 0.302938
-----------------------------------------------------
2SB
3SB
4SB
LSB
Slave process, exit.InitCountCrushXformMPImsgSort: 582.000000, 832.000000, 832.000000, 832.000000, 927.000000, 930.000000 
Total Sim Time:  :	 62.377153
-----------------------------------------------------
Radix Sorting Hybrid (Seconds) :	 1.501930
-----------------------------------------------------
InitCountCrushXformMPImsgSort: 587.000000, 814.000000, 814.000000, 814.000000, 927.000000, 1501.000000 
VALIDATION PASS
Total Sim Time:  :	 63.025613
-----------------------------------------------------
Tue Sep 28 12:25:23 EDT 2021
