/home/smdupor
c0
Tue Sep 28 12:24:15 EDT 2021
Running 84m large dataset on 16 CPU cores
initializing graphs...
initializing graphs...
loading array...
loading array...
Copying graphs...
Copying graphs...
<1><2><2>
Done. Sorting. Edges: 5533214 Vertices: 1971281
-----------------------------------------------------
<1><2><2>
Done. Sorting. Edges: 5533214 Vertices: 1971281
-----------------------------------------------------
Serial Count Sort (Seconds) :	 0.053487
-----------------------------------------------------
Serial Count Sort (Seconds) :	 0.052730
-----------------------------------------------------
LSB
4SB
3SB
2SB
Slave process, exit.InitCountCrushXformMPImsgSort: 138.000000, 254.000000, 254.000000, 254.000000, 293.000000, 322.000000 
Total Sim Time:  :	 10.159442
-----------------------------------------------------
Radix Sorting Hybrid (Seconds) :	 0.469785
-----------------------------------------------------
InitCountCrushXformMPImsgSort: 142.000000, 275.000000, 275.000000, 275.000000, 293.000000, 470.000000 
VALIDATION PASS
Total Sim Time:  :	 10.331349
-----------------------------------------------------
Tue Sep 28 12:24:27 EDT 2021
