/home/smdupor
c93
Sat Sep 25 02:59:23 EDT 2021
Running 13GB large dataset on 16 CPU cores
Number of Threads: 4
 -----------------------------------------------------
initializing graphs......................................................................................................................................................................................................................................................................................................................................................................................................................................................................................................................................................................................................................................................................................................................................................................................................................................................................................................................
loading array.......................................................................................................................................................................................................................................................................................................................................................................................................................................................................................................................................................................................................................................................................................................................................................................................................................................................................................................................
Copying graphs...<1><2>
Done. Sorting.
-----------------------------------------------------
Parallel Count Sort (Seconds) :	 69.889599
-----------------------------------------------------
Serial Count Sort (Seconds) :	 52.315942
-----------------------------------------------------
validation complete
start maximizer section
done with sort for digits: 0
done with sort for digits: 8
done with sort for digits: 16
done with sort for digits: 24
Radix Sorting OMP (Seconds) :	 42.688539
-----------------------------------------------------
validation complete
Total Sim Time:  :	 923.152802
-----------------------------------------------------
Sat Sep 25 03:14:46 EDT 2021
