/home/smdupor
c1
Mon Sep 27 23:26:29 EDT 2021
Running 13GB large dataset on 16 CPU cores
initializing graphs...
initializing graphs...
initializing graphs...
initializing graphs...
initializing graphs...
initializing graphs...
initializing graphs...
initializing graphs...
initializing graphs...
initializing graphs...
initializing graphs...
initializing graphs...
initializing graphs...
initializing graphs...
initializing graphs...
initializing graphs...
initializing graphs...
initializing graphs...
initializing graphs...
initializing graphs...
initializing graphs...
initializing graphs...
initializing graphs...
initializing graphs...
initializing graphs...
initializing graphs...
initializing graphs...
initializing graphs...
initializing graphs...
initializing graphs...
initializing graphs...
initializing graphs...
srun: Job step aborted: Waiting up to 32 seconds for job step to finish.
slurmstepd: error: *** STEP 235897.0 ON c1 CANCELLED AT 2021-09-27T23:42:10 ***
slurmstepd: error: *** JOB 235897 ON c1 CANCELLED AT 2021-09-27T23:42:10 ***
