/home/smdupor
c26
Tue Sep 28 00:29:38 EDT 2021
Running 24b8 large dataset on 16 CPU cores
initializing graphs...
initializing graphs...
loading array...
loading array...
Copying graphs...
Copying graphs...
<1><2><2>
Done. Sorting. Edges: 16777215 Vertices: 1241513877
-----------------------------------------------------
<1><2><2>
Done. Sorting. Edges: 16777215 Vertices: 1241513877
-----------------------------------------------------
Serial Count Sort (Seconds) :	 3.833515
-----------------------------------------------------
Serial Count Sort (Seconds) :	 3.835496
-----------------------------------------------------
Radix Sorting MPI (Seconds) :	 0.487384
-----------------------------------------------------
InitCountCrushXformMPImsgSort: 38.000000, 82.000000, 82.000000, 82.000000, 82.000000, 486.000000 
Radix Sorting MPI (Seconds) :	 0.489960
-----------------------------------------------------
InitCountCrushXformMPImsgSort: 38.000000, 82.000000, 82.000000, 82.000000, 85.000000, 489.000000 
Total Sim Time:  :	 50.155209
-----------------------------------------------------
VALIDATION PASS
Total Sim Time:  :	 50.181020
-----------------------------------------------------
Tue Sep 28 00:30:29 EDT 2021
